<?xml version="1.0" encoding="utf-8"?><testsuites><testsuite name="pytest" errors="0" failures="0" skipped="0" tests="3" time="55.466" timestamp="2024-10-10T11:03:11.311411+03:00" hostname="bnx"><testcase classname="tests.test_End2End.TestEnd2End" name="test_end2end" time="38.753" /><testcase classname="tests.test_HomePage.TestHomePage" name="test_submissionForm[get_data0]" time="8.950" /><testcase classname="tests.test_HomePage.TestHomePage" name="test_submissionForm[get_data1]" time="7.507" /></testsuite></testsuites>