<?xml version="1.0" encoding="utf-8"?><testsuites><testsuite name="pytest" errors="0" failures="0" skipped="0" tests="3" time="35.045" timestamp="2024-10-08T18:47:02.152387+03:00" hostname="bnx"><testcase classname="tests.test_End2End.TestEnd2End" name="test_end2end" time="18.897" /><testcase classname="tests.test_HomePage.TestHomePage" name="test_submissionForm[get_data0]" time="9.203" /><testcase classname="tests.test_HomePage.TestHomePage" name="test_submissionForm[get_data1]" time="6.887" /></testsuite></testsuites>